[INFO][main][2017-03-19 12:11:13][org.springframework.context.support.AbstractApplicationContext] - Refreshing org.springframework.context.support.ClassPathXmlApplicationContext@5c18298f: startup date [Sun Mar 19 12:11:13 CST 2017]; root of context hierarchy
[INFO][main][2017-03-19 12:11:13][org.springframework.beans.factory.xml.XmlBeanDefinitionReader] - Loading XML bean definitions from class path resource [spring-mvc-test.xml]
[INFO][main][2017-03-19 12:11:14][org.springframework.beans.factory.annotation.AutowiredAnnotationBeanPostProcessor] - JSR-330 'javax.inject.Inject' annotation found and supported for autowiring
[INFO][main][2017-03-19 12:11:14][org.springframework.beans.factory.support.DefaultListableBeanFactory] - Pre-instantiating singletons in org.springframework.beans.factory.support.DefaultListableBeanFactory@24269709: defining beans [org.springframework.beans.factory.annotation.AutowiredAnnotationBeanPostProcessor#0,boss,office,car]; root of factory hierarchy
[INFO][main][2017-03-19 12:16:21][org.springframework.context.support.AbstractApplicationContext] - Refreshing org.springframework.context.support.ClassPathXmlApplicationContext@5c18298f: startup date [Sun Mar 19 12:16:21 CST 2017]; root of context hierarchy
[INFO][main][2017-03-19 12:16:21][org.springframework.beans.factory.xml.XmlBeanDefinitionReader] - Loading XML bean definitions from class path resource [spring-mvc-test.xml]
[INFO][main][2017-03-19 12:16:21][org.springframework.beans.factory.annotation.AutowiredAnnotationBeanPostProcessor] - JSR-330 'javax.inject.Inject' annotation found and supported for autowiring
[INFO][main][2017-03-19 12:16:21][org.springframework.beans.factory.support.DefaultListableBeanFactory] - Pre-instantiating singletons in org.springframework.beans.factory.support.DefaultListableBeanFactory@24269709: defining beans [org.springframework.beans.factory.annotation.AutowiredAnnotationBeanPostProcessor#0,boss,office,car]; root of factory hierarchy
[INFO][main][2017-03-19 15:22:52][org.springframework.context.support.AbstractApplicationContext] - Refreshing org.springframework.context.support.ClassPathXmlApplicationContext@5c18298f: startup date [Sun Mar 19 15:22:52 CST 2017]; root of context hierarchy
[INFO][main][2017-03-19 15:22:52][org.springframework.beans.factory.xml.XmlBeanDefinitionReader] - Loading XML bean definitions from class path resource [spring-mvc-test.xml]
[INFO][main][2017-03-19 15:22:52][org.springframework.context.annotation.ClassPathScanningCandidateComponentProvider] - JSR-250 'javax.annotation.ManagedBean' found and supported for component scanning
[INFO][main][2017-03-19 15:22:52][org.springframework.context.annotation.ClassPathScanningCandidateComponentProvider] - JSR-330 'javax.inject.Named' annotation found and supported for component scanning
[INFO][main][2017-03-19 15:22:52][org.springframework.beans.factory.annotation.AutowiredAnnotationBeanPostProcessor] - JSR-330 'javax.inject.Inject' annotation found and supported for autowiring
[INFO][main][2017-03-19 15:22:52][org.springframework.beans.factory.support.DefaultListableBeanFactory] - Pre-instantiating singletons in org.springframework.beans.factory.support.DefaultListableBeanFactory@3972a855: defining beans [boss,car,office,org.springframework.context.annotation.internalConfigurationAnnotationProcessor,org.springframework.context.annotation.internalAutowiredAnnotationProcessor,org.springframework.context.annotation.internalRequiredAnnotationProcessor,org.springframework.context.annotation.internalCommonAnnotationProcessor,org.springframework.context.annotation.ConfigurationClassPostProcessor$ImportAwareBeanPostProcessor#0]; root of factory hierarchy
[INFO][main][2017-03-19 15:27:01][org.springframework.context.support.AbstractApplicationContext] - Refreshing org.springframework.context.support.ClassPathXmlApplicationContext@5c18298f: startup date [Sun Mar 19 15:27:01 CST 2017]; root of context hierarchy
[INFO][main][2017-03-19 15:27:02][org.springframework.beans.factory.xml.XmlBeanDefinitionReader] - Loading XML bean definitions from class path resource [spring-mvc-test.xml]
[INFO][main][2017-03-19 15:27:02][org.springframework.context.annotation.ClassPathScanningCandidateComponentProvider] - JSR-250 'javax.annotation.ManagedBean' found and supported for component scanning
[INFO][main][2017-03-19 15:27:02][org.springframework.context.annotation.ClassPathScanningCandidateComponentProvider] - JSR-330 'javax.inject.Named' annotation found and supported for component scanning
[INFO][main][2017-03-19 15:27:02][org.springframework.beans.factory.annotation.AutowiredAnnotationBeanPostProcessor] - JSR-330 'javax.inject.Inject' annotation found and supported for autowiring
[INFO][main][2017-03-19 15:27:02][org.springframework.beans.factory.support.DefaultListableBeanFactory] - Pre-instantiating singletons in org.springframework.beans.factory.support.DefaultListableBeanFactory@3972a855: defining beans [boss,car,office,org.springframework.context.annotation.internalConfigurationAnnotationProcessor,org.springframework.context.annotation.internalAutowiredAnnotationProcessor,org.springframework.context.annotation.internalRequiredAnnotationProcessor,org.springframework.context.annotation.internalCommonAnnotationProcessor,org.springframework.context.annotation.ConfigurationClassPostProcessor$ImportAwareBeanPostProcessor#0]; root of factory hierarchy
[INFO][main][2017-03-19 16:00:21][org.springframework.context.support.AbstractApplicationContext] - Refreshing org.springframework.context.support.ClassPathXmlApplicationContext@5c18298f: startup date [Sun Mar 19 16:00:21 CST 2017]; root of context hierarchy
[INFO][main][2017-03-19 16:00:21][org.springframework.beans.factory.xml.XmlBeanDefinitionReader] - Loading XML bean definitions from class path resource [spring-mvc-test.xml]
[INFO][main][2017-03-19 16:00:21][org.springframework.beans.factory.support.DefaultListableBeanFactory] - Pre-instantiating singletons in org.springframework.beans.factory.support.DefaultListableBeanFactory@24269709: defining beans [org.springframework.context.annotation.CommonAnnotationBeanPostProcessor#0,boss,office,car]; root of factory hierarchy
[INFO][main][2017-03-19 16:00:24][org.springframework.context.support.AbstractApplicationContext] - Closing org.springframework.context.support.ClassPathXmlApplicationContext@5c18298f: startup date [Sun Mar 19 16:00:21 CST 2017]; root of context hierarchy
[INFO][main][2017-03-19 16:00:24][org.springframework.beans.factory.support.DefaultSingletonBeanRegistry] - Destroying singletons in org.springframework.beans.factory.support.DefaultListableBeanFactory@24269709: defining beans [org.springframework.context.annotation.CommonAnnotationBeanPostProcessor#0,boss,office,car]; root of factory hierarchy
[INFO][main][2017-03-19 16:11:55][org.springframework.context.support.AbstractApplicationContext] - Refreshing org.springframework.context.support.ClassPathXmlApplicationContext@5c18298f: startup date [Sun Mar 19 16:11:55 CST 2017]; root of context hierarchy
[INFO][main][2017-03-19 16:11:55][org.springframework.beans.factory.xml.XmlBeanDefinitionReader] - Loading XML bean definitions from class path resource [spring-mvc-test.xml]
[INFO][main][2017-03-19 16:11:55][org.springframework.beans.factory.annotation.AutowiredAnnotationBeanPostProcessor] - JSR-330 'javax.inject.Inject' annotation found and supported for autowiring
[INFO][main][2017-03-19 16:11:55][org.springframework.beans.factory.support.DefaultListableBeanFactory] - Pre-instantiating singletons in org.springframework.beans.factory.support.DefaultListableBeanFactory@6ab778a: defining beans [org.springframework.context.annotation.internalConfigurationAnnotationProcessor,org.springframework.context.annotation.internalAutowiredAnnotationProcessor,org.springframework.context.annotation.internalRequiredAnnotationProcessor,org.springframework.context.annotation.internalCommonAnnotationProcessor,boss,office,car,org.springframework.context.annotation.ConfigurationClassPostProcessor$ImportAwareBeanPostProcessor#0]; root of factory hierarchy
[INFO][main][2017-03-19 16:11:55][org.springframework.context.support.AbstractApplicationContext] - Closing org.springframework.context.support.ClassPathXmlApplicationContext@5c18298f: startup date [Sun Mar 19 16:11:55 CST 2017]; root of context hierarchy
[INFO][main][2017-03-19 16:11:55][org.springframework.beans.factory.support.DefaultSingletonBeanRegistry] - Destroying singletons in org.springframework.beans.factory.support.DefaultListableBeanFactory@6ab778a: defining beans [org.springframework.context.annotation.internalConfigurationAnnotationProcessor,org.springframework.context.annotation.internalAutowiredAnnotationProcessor,org.springframework.context.annotation.internalRequiredAnnotationProcessor,org.springframework.context.annotation.internalCommonAnnotationProcessor,boss,office,car,org.springframework.context.annotation.ConfigurationClassPostProcessor$ImportAwareBeanPostProcessor#0]; root of factory hierarchy
[INFO][main][2017-03-19 22:03:33][org.springframework.jdbc.datasource.DriverManagerDataSource] - Loaded JDBC driver: com.mysql.jdbc.Driver
